<?xml version="1.0" encoding="UTF-8"?>
<testsuite xmlns:xsi="http://www.w3.org/2001/XMLSchema-instance" xsi:noNamespaceSchemaLocation="https://maven.apache.org/surefire/maven-surefire-plugin/xsd/surefire-test-report.xsd" name="com.techready.banking.test.BankRequestValidatorTest" time="0.05" tests="12" errors="0" skipped="0" failures="0">
  <properties>
[...]
</properties>
  <testcase name="testCases{String, BankRequest, boolean}[1]" classname="com.techready.banking.test.BankRequestValidatorTest" time="0.019"/>
  <testcase name="testCases{String, BankRequest, boolean}[2]" classname="com.techready.banking.test.BankRequestValidatorTest" time="0.001"/>
  <testcase name="testCases{String, BankRequest, boolean}[3]" classname="com.techready.banking.test.BankRequestValidatorTest" time="0.001"/>
  <testcase name="testCases{String, BankRequest, boolean}[4]" classname="com.techready.banking.test.BankRequestValidatorTest" time="0"/>
  <testcase name="testCases{String, BankRequest, boolean}[5]" classname="com.techready.banking.test.BankRequestValidatorTest" time="0"/>
  <testcase name="testCases{String, BankRequest, boolean}[6]" classname="com.techready.banking.test.BankRequestValidatorTest" time="0"/>
  <testcase name="testCases{String, BankRequest, boolean}[7]" classname="com.techready.banking.test.BankRequestValidatorTest" time="0.001"/>
  <testcase name="testCases{String, BankRequest, boolean}[8]" classname="com.techready.banking.test.BankRequestValidatorTest" time="0"/>
  <testcase name="testCases{String, BankRequest, boolean}[9]" classname="com.techready.banking.test.BankRequestValidatorTest" time="0"/>
  <testcase name="testCases{String, BankRequest, boolean}[10]" classname="com.techready.banking.test.BankRequestValidatorTest" time="0.001"/>
  <testcase name="testCases{String, BankRequest, boolean}[11]" classname="com.techready.banking.test.BankRequestValidatorTest" time="0"/>
  <testcase name="testCases{String, BankRequest, boolean}[12]" classname="com.techready.banking.test.BankRequestValidatorTest" time="0"/>
</testsuite>